<?xml version="1.0" encoding="UTF-8"?>
<robot generator="Robot 3.2.2 (Python 3.9.1 on win32)" generated="20210214 11:48:27.490" rpa="false">
<suite id="s1" name="Login" source="D:\QANinja\parodify-robot-framawork\login.robot">
<test id="s1-t1" name="Login com sucesso">
<kw name="Open Login Page" library="login_actions">
<kw name="Open Browser" library="Browser">
<tags>
<tag>BrowserControl</tag>
<tag>Setter</tag>
</tags>
<doc>Opens a new browser instance. Use this keyword for quick experiments or debugging sessions.
Use `New Page` directly instead of `Open Browser` for production and automated execution.
See `Browser, Context and Page` for more information about Browser and related concepts.</doc>
<arguments>
<arg>https://parodify.herokuapp.com/users/sign_in</arg>
<arg>chromium</arg>
</arguments>
<msg timestamp="20210214 11:48:28.271" level="WARN">Open Browser is for quick experimentation and debugging only. Use New Page for production.</msg>
<msg timestamp="20210214 11:48:28.273" level="INFO">{"browser": "chromium", "headless": false, "handleSIGINT": true, "handleSIGTERM": true, "handleSIGHUP": true, "timeout": 30000.0, "devtools": false, "slowMo": 0.0}</msg>
<msg timestamp="20210214 11:48:28.612" level="INFO">Successfully created browser with options: {"browser":"chromium","headless":false,"handleSIGINT":true,"handleSIGTERM":true,"handleSIGHUP":true,"timeout":30000,"devtools":false,"slowMo":0}</msg>
<msg timestamp="20210214 11:48:28.617" level="INFO">{"acceptDownloads": false, "ignoreHTTPSErrors": false, "bypassCSP": false, "deviceScaleFactor": 1.0, "isMobile": false, "hasTouch": false, "javaScriptEnabled": true, "offline": false, "hideRfBrowser": false}</msg>
<msg timestamp="20210214 11:48:28.642" level="INFO">Successfully created context with options: {"acceptDownloads":false,"ignoreHTTPSErrors":false,"bypassCSP":false,"deviceScaleFactor":1,"isMobile":false,"hasTouch":false,"javaScriptEnabled":true,"offline":false,"hideRfBrowser":false}</msg>
<msg timestamp="20210214 11:48:32.298" level="INFO">Successfully initialized new page object and opened url: https://parodify.herokuapp.com/users/sign_in</msg>
<status status="PASS" starttime="20210214 11:48:28.271" endtime="20210214 11:48:32.299"></status>
</kw>
<status status="PASS" starttime="20210214 11:48:28.271" endtime="20210214 11:48:32.299"></status>
</kw>
<kw name="Login With" library="login_actions">
<arguments>
<arg>petherson_teste@gmail.com</arg>
<arg>pet123</arg>
</arguments>
<kw name="Fill Text" library="Browser">
<tags>
<tag>PageContent</tag>
<tag>Setter</tag>
</tags>
<doc>Clears and fills the given ``text`` into the text field found by ``selector``.</doc>
<arguments>
<arg>id=user_email</arg>
<arg>${email_arg}</arg>
</arguments>
<msg timestamp="20210214 11:48:32.301" level="INFO">Fills the text 'petherson_teste@gmail.com' in the given field.</msg>
<status status="PASS" starttime="20210214 11:48:32.301" endtime="20210214 11:48:32.353"></status>
</kw>
<kw name="Fill Text" library="Browser">
<tags>
<tag>PageContent</tag>
<tag>Setter</tag>
</tags>
<doc>Clears and fills the given ``text`` into the text field found by ``selector``.</doc>
<arguments>
<arg>css=#user_password</arg>
<arg>${password_arg}</arg>
</arguments>
<msg timestamp="20210214 11:48:32.354" level="INFO">Fills the text 'pet123' in the given field.</msg>
<status status="PASS" starttime="20210214 11:48:32.353" endtime="20210214 11:48:32.373"></status>
</kw>
<kw name="Click" library="Browser">
<tags>
<tag>PageContent</tag>
<tag>Setter</tag>
</tags>
<doc>Simulates mouse click on the element found by ``selector``.</doc>
<arguments>
<arg>css=input[type=submit]</arg>
</arguments>
<status status="PASS" starttime="20210214 11:48:32.373" endtime="20210214 11:48:33.473"></status>
</kw>
<status status="PASS" starttime="20210214 11:48:32.300" endtime="20210214 11:48:33.473"></status>
</kw>
<kw name="Wait For Elements State" library="Browser">
<tags>
<tag>PageContent</tag>
<tag>Wait</tag>
</tags>
<doc>Waits for the element found by ``selector`` to satisfy state option.</doc>
<arguments>
<arg>css=a[href$='/sign_out']</arg>
<arg>visible</arg>
<arg>10</arg>
</arguments>
<msg timestamp="20210214 11:48:33.732" level="INFO">Wait for Element with selector: css=a[href$='/sign_out']</msg>
<status status="PASS" starttime="20210214 11:48:33.474" endtime="20210214 11:48:33.732"></status>
</kw>
<kw name="Take Screenshot" library="Browser" type="teardown">
<tags>
<tag>PageContent</tag>
</tags>
<doc>Takes a screenshot of the current window and saves it to ``path``. Saves it as a png.</doc>
<msg timestamp="20210214 11:48:34.141" level="INFO" html="yes">&lt;/td&gt;&lt;/tr&gt;&lt;tr&gt;&lt;td colspan="3"&gt;&lt;a href="browser/screenshot/robotframework-browser-screenshot-16.png"&gt;&lt;img src="browser/screenshot/robotframework-browser-screenshot-16.png" width="800px"&gt;&lt;/a&gt;</msg>
<status status="PASS" starttime="20210214 11:48:33.733" endtime="20210214 11:48:34.141"></status>
</kw>
<status status="PASS" starttime="20210214 11:48:28.267" endtime="20210214 11:48:34.142" critical="yes"></status>
</test>
<test id="s1-t2" name="Senha incorreta">
<kw name="Open Login Page" library="login_actions">
<kw name="Open Browser" library="Browser">
<tags>
<tag>BrowserControl</tag>
<tag>Setter</tag>
</tags>
<doc>Opens a new browser instance. Use this keyword for quick experiments or debugging sessions.
Use `New Page` directly instead of `Open Browser` for production and automated execution.
See `Browser, Context and Page` for more information about Browser and related concepts.</doc>
<arguments>
<arg>https://parodify.herokuapp.com/users/sign_in</arg>
<arg>chromium</arg>
</arguments>
<msg timestamp="20210214 11:48:34.211" level="WARN">Open Browser is for quick experimentation and debugging only. Use New Page for production.</msg>
<msg timestamp="20210214 11:48:34.216" level="INFO">{"browser": "chromium", "headless": false, "handleSIGINT": true, "handleSIGTERM": true, "handleSIGHUP": true, "timeout": 30000.0, "devtools": false, "slowMo": 0.0}</msg>
<msg timestamp="20210214 11:48:34.605" level="INFO">Successfully created browser with options: {"browser":"chromium","headless":false,"handleSIGINT":true,"handleSIGTERM":true,"handleSIGHUP":true,"timeout":30000,"devtools":false,"slowMo":0}</msg>
<msg timestamp="20210214 11:48:34.609" level="INFO">{"acceptDownloads": false, "ignoreHTTPSErrors": false, "bypassCSP": false, "deviceScaleFactor": 1.0, "isMobile": false, "hasTouch": false, "javaScriptEnabled": true, "offline": false, "hideRfBrowser": false}</msg>
<msg timestamp="20210214 11:48:34.639" level="INFO">Successfully created context with options: {"acceptDownloads":false,"ignoreHTTPSErrors":false,"bypassCSP":false,"deviceScaleFactor":1,"isMobile":false,"hasTouch":false,"javaScriptEnabled":true,"offline":false,"hideRfBrowser":false}</msg>
<msg timestamp="20210214 11:48:37.917" level="INFO">Successfully initialized new page object and opened url: https://parodify.herokuapp.com/users/sign_in</msg>
<status status="PASS" starttime="20210214 11:48:34.211" endtime="20210214 11:48:37.918"></status>
</kw>
<status status="PASS" starttime="20210214 11:48:34.210" endtime="20210214 11:48:37.918"></status>
</kw>
<kw name="Login With" library="login_actions">
<arguments>
<arg>petherson_teste@gmail.com</arg>
<arg>123pet</arg>
</arguments>
<kw name="Fill Text" library="Browser">
<tags>
<tag>PageContent</tag>
<tag>Setter</tag>
</tags>
<doc>Clears and fills the given ``text`` into the text field found by ``selector``.</doc>
<arguments>
<arg>id=user_email</arg>
<arg>${email_arg}</arg>
</arguments>
<msg timestamp="20210214 11:48:37.920" level="INFO">Fills the text 'petherson_teste@gmail.com' in the given field.</msg>
<status status="PASS" starttime="20210214 11:48:37.920" endtime="20210214 11:48:37.962"></status>
</kw>
<kw name="Fill Text" library="Browser">
<tags>
<tag>PageContent</tag>
<tag>Setter</tag>
</tags>
<doc>Clears and fills the given ``text`` into the text field found by ``selector``.</doc>
<arguments>
<arg>css=#user_password</arg>
<arg>${password_arg}</arg>
</arguments>
<msg timestamp="20210214 11:48:37.963" level="INFO">Fills the text '123pet' in the given field.</msg>
<status status="PASS" starttime="20210214 11:48:37.963" endtime="20210214 11:48:37.982"></status>
</kw>
<kw name="Click" library="Browser">
<tags>
<tag>PageContent</tag>
<tag>Setter</tag>
</tags>
<doc>Simulates mouse click on the element found by ``selector``.</doc>
<arguments>
<arg>css=input[type=submit]</arg>
</arguments>
<status status="PASS" starttime="20210214 11:48:37.982" endtime="20210214 11:48:38.951"></status>
</kw>
<status status="PASS" starttime="20210214 11:48:37.919" endtime="20210214 11:48:38.952"></status>
</kw>
<kw name="Alert Should Be" library="login_actions">
<arguments>
<arg>Opps! Dados de acesso incorretos!</arg>
</arguments>
<kw name="Get Text" library="Browser">
<tags>
<tag>Assertion</tag>
<tag>Getter</tag>
<tag>PageContent</tag>
</tags>
<doc>Returns text attribute of the element found by ``selector``.
See the `Finding elements` section for details about the selectors.</doc>
<arguments>
<arg>css=.is-danger .message-body</arg>
<arg>==</arg>
<arg>${expect_arg}</arg>
</arguments>
<status status="PASS" starttime="20210214 11:48:38.953" endtime="20210214 11:48:39.183"></status>
</kw>
<status status="PASS" starttime="20210214 11:48:38.952" endtime="20210214 11:48:39.183"></status>
</kw>
<kw name="Take Screenshot" library="Browser" type="teardown">
<tags>
<tag>PageContent</tag>
</tags>
<doc>Takes a screenshot of the current window and saves it to ``path``. Saves it as a png.</doc>
<msg timestamp="20210214 11:48:39.587" level="INFO" html="yes">&lt;/td&gt;&lt;/tr&gt;&lt;tr&gt;&lt;td colspan="3"&gt;&lt;a href="browser/screenshot/robotframework-browser-screenshot-17.png"&gt;&lt;img src="browser/screenshot/robotframework-browser-screenshot-17.png" width="800px"&gt;&lt;/a&gt;</msg>
<status status="PASS" starttime="20210214 11:48:39.184" endtime="20210214 11:48:39.587"></status>
</kw>
<status status="PASS" starttime="20210214 11:48:34.204" endtime="20210214 11:48:39.587" critical="yes"></status>
</test>
<test id="s1-t3" name="Email não existe">
<kw name="Open Login Page" library="login_actions">
<kw name="Open Browser" library="Browser">
<tags>
<tag>BrowserControl</tag>
<tag>Setter</tag>
</tags>
<doc>Opens a new browser instance. Use this keyword for quick experiments or debugging sessions.
Use `New Page` directly instead of `Open Browser` for production and automated execution.
See `Browser, Context and Page` for more information about Browser and related concepts.</doc>
<arguments>
<arg>https://parodify.herokuapp.com/users/sign_in</arg>
<arg>chromium</arg>
</arguments>
<msg timestamp="20210214 11:48:39.674" level="WARN">Open Browser is for quick experimentation and debugging only. Use New Page for production.</msg>
<msg timestamp="20210214 11:48:39.676" level="INFO">{"browser": "chromium", "headless": false, "handleSIGINT": true, "handleSIGTERM": true, "handleSIGHUP": true, "timeout": 30000.0, "devtools": false, "slowMo": 0.0}</msg>
<msg timestamp="20210214 11:48:40.031" level="INFO">Successfully created browser with options: {"browser":"chromium","headless":false,"handleSIGINT":true,"handleSIGTERM":true,"handleSIGHUP":true,"timeout":30000,"devtools":false,"slowMo":0}</msg>
<msg timestamp="20210214 11:48:40.033" level="INFO">{"acceptDownloads": false, "ignoreHTTPSErrors": false, "bypassCSP": false, "deviceScaleFactor": 1.0, "isMobile": false, "hasTouch": false, "javaScriptEnabled": true, "offline": false, "hideRfBrowser": false}</msg>
<msg timestamp="20210214 11:48:40.052" level="INFO">Successfully created context with options: {"acceptDownloads":false,"ignoreHTTPSErrors":false,"bypassCSP":false,"deviceScaleFactor":1,"isMobile":false,"hasTouch":false,"javaScriptEnabled":true,"offline":false,"hideRfBrowser":false}</msg>
<msg timestamp="20210214 11:48:43.333" level="INFO">Successfully initialized new page object and opened url: https://parodify.herokuapp.com/users/sign_in</msg>
<status status="PASS" starttime="20210214 11:48:39.674" endtime="20210214 11:48:43.333"></status>
</kw>
<status status="PASS" starttime="20210214 11:48:39.673" endtime="20210214 11:48:43.334"></status>
</kw>
<kw name="Login With" library="login_actions">
<arguments>
<arg>teste_petherson@gmail.com</arg>
<arg>pet123</arg>
</arguments>
<kw name="Fill Text" library="Browser">
<tags>
<tag>PageContent</tag>
<tag>Setter</tag>
</tags>
<doc>Clears and fills the given ``text`` into the text field found by ``selector``.</doc>
<arguments>
<arg>id=user_email</arg>
<arg>${email_arg}</arg>
</arguments>
<msg timestamp="20210214 11:48:43.335" level="INFO">Fills the text 'teste_petherson@gmail.com' in the given field.</msg>
<status status="PASS" starttime="20210214 11:48:43.335" endtime="20210214 11:48:43.377"></status>
</kw>
<kw name="Fill Text" library="Browser">
<tags>
<tag>PageContent</tag>
<tag>Setter</tag>
</tags>
<doc>Clears and fills the given ``text`` into the text field found by ``selector``.</doc>
<arguments>
<arg>css=#user_password</arg>
<arg>${password_arg}</arg>
</arguments>
<msg timestamp="20210214 11:48:43.378" level="INFO">Fills the text 'pet123' in the given field.</msg>
<status status="PASS" starttime="20210214 11:48:43.377" endtime="20210214 11:48:43.395"></status>
</kw>
<kw name="Click" library="Browser">
<tags>
<tag>PageContent</tag>
<tag>Setter</tag>
</tags>
<doc>Simulates mouse click on the element found by ``selector``.</doc>
<arguments>
<arg>css=input[type=submit]</arg>
</arguments>
<status status="PASS" starttime="20210214 11:48:43.395" endtime="20210214 11:48:44.054"></status>
</kw>
<status status="PASS" starttime="20210214 11:48:43.334" endtime="20210214 11:48:44.054"></status>
</kw>
<kw name="Alert Should Be" library="login_actions">
<arguments>
<arg>Opps! Dados de acesso incorretos!</arg>
</arguments>
<kw name="Get Text" library="Browser">
<tags>
<tag>Assertion</tag>
<tag>Getter</tag>
<tag>PageContent</tag>
</tags>
<doc>Returns text attribute of the element found by ``selector``.
See the `Finding elements` section for details about the selectors.</doc>
<arguments>
<arg>css=.is-danger .message-body</arg>
<arg>==</arg>
<arg>${expect_arg}</arg>
</arguments>
<status status="PASS" starttime="20210214 11:48:44.056" endtime="20210214 11:48:44.305"></status>
</kw>
<status status="PASS" starttime="20210214 11:48:44.055" endtime="20210214 11:48:44.305"></status>
</kw>
<kw name="Take Screenshot" library="Browser" type="teardown">
<tags>
<tag>PageContent</tag>
</tags>
<doc>Takes a screenshot of the current window and saves it to ``path``. Saves it as a png.</doc>
<msg timestamp="20210214 11:48:44.736" level="INFO" html="yes">&lt;/td&gt;&lt;/tr&gt;&lt;tr&gt;&lt;td colspan="3"&gt;&lt;a href="browser/screenshot/robotframework-browser-screenshot-18.png"&gt;&lt;img src="browser/screenshot/robotframework-browser-screenshot-18.png" width="800px"&gt;&lt;/a&gt;</msg>
<status status="PASS" starttime="20210214 11:48:44.306" endtime="20210214 11:48:44.736"></status>
</kw>
<status status="PASS" starttime="20210214 11:48:39.665" endtime="20210214 11:48:44.737" critical="yes"></status>
</test>
<test id="s1-t4" name="Email não informado">
<kw name="Open Login Page" library="login_actions">
<kw name="Open Browser" library="Browser">
<tags>
<tag>BrowserControl</tag>
<tag>Setter</tag>
</tags>
<doc>Opens a new browser instance. Use this keyword for quick experiments or debugging sessions.
Use `New Page` directly instead of `Open Browser` for production and automated execution.
See `Browser, Context and Page` for more information about Browser and related concepts.</doc>
<arguments>
<arg>https://parodify.herokuapp.com/users/sign_in</arg>
<arg>chromium</arg>
</arguments>
<msg timestamp="20210214 11:48:44.809" level="WARN">Open Browser is for quick experimentation and debugging only. Use New Page for production.</msg>
<msg timestamp="20210214 11:48:44.816" level="INFO">{"browser": "chromium", "headless": false, "handleSIGINT": true, "handleSIGTERM": true, "handleSIGHUP": true, "timeout": 30000.0, "devtools": false, "slowMo": 0.0}</msg>
<msg timestamp="20210214 11:48:45.158" level="INFO">Successfully created browser with options: {"browser":"chromium","headless":false,"handleSIGINT":true,"handleSIGTERM":true,"handleSIGHUP":true,"timeout":30000,"devtools":false,"slowMo":0}</msg>
<msg timestamp="20210214 11:48:45.162" level="INFO">{"acceptDownloads": false, "ignoreHTTPSErrors": false, "bypassCSP": false, "deviceScaleFactor": 1.0, "isMobile": false, "hasTouch": false, "javaScriptEnabled": true, "offline": false, "hideRfBrowser": false}</msg>
<msg timestamp="20210214 11:48:45.192" level="INFO">Successfully created context with options: {"acceptDownloads":false,"ignoreHTTPSErrors":false,"bypassCSP":false,"deviceScaleFactor":1,"isMobile":false,"hasTouch":false,"javaScriptEnabled":true,"offline":false,"hideRfBrowser":false}</msg>
<msg timestamp="20210214 11:48:48.455" level="INFO">Successfully initialized new page object and opened url: https://parodify.herokuapp.com/users/sign_in</msg>
<status status="PASS" starttime="20210214 11:48:44.807" endtime="20210214 11:48:48.455"></status>
</kw>
<status status="PASS" starttime="20210214 11:48:44.807" endtime="20210214 11:48:48.456"></status>
</kw>
<kw name="Login With" library="login_actions">
<arguments>
<arg>${EMPTY}</arg>
<arg>pet123</arg>
</arguments>
<kw name="Fill Text" library="Browser">
<tags>
<tag>PageContent</tag>
<tag>Setter</tag>
</tags>
<doc>Clears and fills the given ``text`` into the text field found by ``selector``.</doc>
<arguments>
<arg>id=user_email</arg>
<arg>${email_arg}</arg>
</arguments>
<msg timestamp="20210214 11:48:48.457" level="INFO">Fills the text '' in the given field.</msg>
<status status="PASS" starttime="20210214 11:48:48.457" endtime="20210214 11:48:48.491"></status>
</kw>
<kw name="Fill Text" library="Browser">
<tags>
<tag>PageContent</tag>
<tag>Setter</tag>
</tags>
<doc>Clears and fills the given ``text`` into the text field found by ``selector``.</doc>
<arguments>
<arg>css=#user_password</arg>
<arg>${password_arg}</arg>
</arguments>
<msg timestamp="20210214 11:48:48.492" level="INFO">Fills the text 'pet123' in the given field.</msg>
<status status="PASS" starttime="20210214 11:48:48.492" endtime="20210214 11:48:48.524"></status>
</kw>
<kw name="Click" library="Browser">
<tags>
<tag>PageContent</tag>
<tag>Setter</tag>
</tags>
<doc>Simulates mouse click on the element found by ``selector``.</doc>
<arguments>
<arg>css=input[type=submit]</arg>
</arguments>
<status status="PASS" starttime="20210214 11:48:48.524" endtime="20210214 11:48:49.157"></status>
</kw>
<status status="PASS" starttime="20210214 11:48:48.456" endtime="20210214 11:48:49.157"></status>
</kw>
<kw name="Alert Should Be" library="login_actions">
<arguments>
<arg>Opps! Dados de acesso incorretos!</arg>
</arguments>
<kw name="Get Text" library="Browser">
<tags>
<tag>Assertion</tag>
<tag>Getter</tag>
<tag>PageContent</tag>
</tags>
<doc>Returns text attribute of the element found by ``selector``.
See the `Finding elements` section for details about the selectors.</doc>
<arguments>
<arg>css=.is-danger .message-body</arg>
<arg>==</arg>
<arg>${expect_arg}</arg>
</arguments>
<status status="PASS" starttime="20210214 11:48:49.158" endtime="20210214 11:48:49.392"></status>
</kw>
<status status="PASS" starttime="20210214 11:48:49.158" endtime="20210214 11:48:49.392"></status>
</kw>
<kw name="Take Screenshot" library="Browser" type="teardown">
<tags>
<tag>PageContent</tag>
</tags>
<doc>Takes a screenshot of the current window and saves it to ``path``. Saves it as a png.</doc>
<msg timestamp="20210214 11:48:49.907" level="INFO" html="yes">&lt;/td&gt;&lt;/tr&gt;&lt;tr&gt;&lt;td colspan="3"&gt;&lt;a href="browser/screenshot/robotframework-browser-screenshot-19.png"&gt;&lt;img src="browser/screenshot/robotframework-browser-screenshot-19.png" width="800px"&gt;&lt;/a&gt;</msg>
<status status="PASS" starttime="20210214 11:48:49.393" endtime="20210214 11:48:49.907"></status>
</kw>
<status status="PASS" starttime="20210214 11:48:44.800" endtime="20210214 11:48:49.909" critical="yes"></status>
</test>
<test id="s1-t5" name="Senha não informada">
<kw name="Open Login Page" library="login_actions">
<kw name="Open Browser" library="Browser">
<tags>
<tag>BrowserControl</tag>
<tag>Setter</tag>
</tags>
<doc>Opens a new browser instance. Use this keyword for quick experiments or debugging sessions.
Use `New Page` directly instead of `Open Browser` for production and automated execution.
See `Browser, Context and Page` for more information about Browser and related concepts.</doc>
<arguments>
<arg>https://parodify.herokuapp.com/users/sign_in</arg>
<arg>chromium</arg>
</arguments>
<msg timestamp="20210214 11:48:50.003" level="WARN">Open Browser is for quick experimentation and debugging only. Use New Page for production.</msg>
<msg timestamp="20210214 11:48:50.004" level="INFO">{"browser": "chromium", "headless": false, "handleSIGINT": true, "handleSIGTERM": true, "handleSIGHUP": true, "timeout": 30000.0, "devtools": false, "slowMo": 0.0}</msg>
<msg timestamp="20210214 11:48:50.365" level="INFO">Successfully created browser with options: {"browser":"chromium","headless":false,"handleSIGINT":true,"handleSIGTERM":true,"handleSIGHUP":true,"timeout":30000,"devtools":false,"slowMo":0}</msg>
<msg timestamp="20210214 11:48:50.371" level="INFO">{"acceptDownloads": false, "ignoreHTTPSErrors": false, "bypassCSP": false, "deviceScaleFactor": 1.0, "isMobile": false, "hasTouch": false, "javaScriptEnabled": true, "offline": false, "hideRfBrowser": false}</msg>
<msg timestamp="20210214 11:48:50.404" level="INFO">Successfully created context with options: {"acceptDownloads":false,"ignoreHTTPSErrors":false,"bypassCSP":false,"deviceScaleFactor":1,"isMobile":false,"hasTouch":false,"javaScriptEnabled":true,"offline":false,"hideRfBrowser":false}</msg>
<msg timestamp="20210214 11:48:53.746" level="INFO">Successfully initialized new page object and opened url: https://parodify.herokuapp.com/users/sign_in</msg>
<status status="PASS" starttime="20210214 11:48:50.002" endtime="20210214 11:48:53.746"></status>
</kw>
<status status="PASS" starttime="20210214 11:48:50.002" endtime="20210214 11:48:53.746"></status>
</kw>
<kw name="Login With" library="login_actions">
<arguments>
<arg>petherson_teste@gmail.com</arg>
<arg>${EMPTY}</arg>
</arguments>
<kw name="Fill Text" library="Browser">
<tags>
<tag>PageContent</tag>
<tag>Setter</tag>
</tags>
<doc>Clears and fills the given ``text`` into the text field found by ``selector``.</doc>
<arguments>
<arg>id=user_email</arg>
<arg>${email_arg}</arg>
</arguments>
<msg timestamp="20210214 11:48:53.748" level="INFO">Fills the text 'petherson_teste@gmail.com' in the given field.</msg>
<status status="PASS" starttime="20210214 11:48:53.748" endtime="20210214 11:48:53.799"></status>
</kw>
<kw name="Fill Text" library="Browser">
<tags>
<tag>PageContent</tag>
<tag>Setter</tag>
</tags>
<doc>Clears and fills the given ``text`` into the text field found by ``selector``.</doc>
<arguments>
<arg>css=#user_password</arg>
<arg>${password_arg}</arg>
</arguments>
<msg timestamp="20210214 11:48:53.799" level="INFO">Fills the text '' in the given field.</msg>
<status status="PASS" starttime="20210214 11:48:53.799" endtime="20210214 11:48:53.818"></status>
</kw>
<kw name="Click" library="Browser">
<tags>
<tag>PageContent</tag>
<tag>Setter</tag>
</tags>
<doc>Simulates mouse click on the element found by ``selector``.</doc>
<arguments>
<arg>css=input[type=submit]</arg>
</arguments>
<status status="PASS" starttime="20210214 11:48:53.818" endtime="20210214 11:48:54.209"></status>
</kw>
<status status="PASS" starttime="20210214 11:48:53.747" endtime="20210214 11:48:54.210"></status>
</kw>
<kw name="Alert Should Be" library="login_actions">
<arguments>
<arg>Opps! Dados de acesso incorretos!</arg>
</arguments>
<kw name="Get Text" library="Browser">
<tags>
<tag>Assertion</tag>
<tag>Getter</tag>
<tag>PageContent</tag>
</tags>
<doc>Returns text attribute of the element found by ``selector``.
See the `Finding elements` section for details about the selectors.</doc>
<arguments>
<arg>css=.is-danger .message-body</arg>
<arg>==</arg>
<arg>${expect_arg}</arg>
</arguments>
<status status="PASS" starttime="20210214 11:48:54.212" endtime="20210214 11:48:54.478"></status>
</kw>
<status status="PASS" starttime="20210214 11:48:54.211" endtime="20210214 11:48:54.479"></status>
</kw>
<kw name="Take Screenshot" library="Browser" type="teardown">
<tags>
<tag>PageContent</tag>
</tags>
<doc>Takes a screenshot of the current window and saves it to ``path``. Saves it as a png.</doc>
<msg timestamp="20210214 11:48:54.997" level="INFO" html="yes">&lt;/td&gt;&lt;/tr&gt;&lt;tr&gt;&lt;td colspan="3"&gt;&lt;a href="browser/screenshot/robotframework-browser-screenshot-20.png"&gt;&lt;img src="browser/screenshot/robotframework-browser-screenshot-20.png" width="800px"&gt;&lt;/a&gt;</msg>
<status status="PASS" starttime="20210214 11:48:54.479" endtime="20210214 11:48:54.997"></status>
</kw>
<status status="PASS" starttime="20210214 11:48:49.994" endtime="20210214 11:48:54.998" critical="yes"></status>
</test>
<doc>Testes da página login</doc>
<status status="PASS" starttime="20210214 11:48:27.491" endtime="20210214 11:48:55.078"></status>
</suite>
<statistics>
<total>
<stat pass="5" fail="0">Critical Tests</stat>
<stat pass="5" fail="0">All Tests</stat>
</total>
<tag>
</tag>
<suite>
<stat pass="5" fail="0" id="s1" name="Login">Login</stat>
</suite>
</statistics>
<errors>
<msg timestamp="20210214 11:48:28.271" level="WARN">Open Browser is for quick experimentation and debugging only. Use New Page for production.</msg>
<msg timestamp="20210214 11:48:34.211" level="WARN">Open Browser is for quick experimentation and debugging only. Use New Page for production.</msg>
<msg timestamp="20210214 11:48:39.674" level="WARN">Open Browser is for quick experimentation and debugging only. Use New Page for production.</msg>
<msg timestamp="20210214 11:48:44.809" level="WARN">Open Browser is for quick experimentation and debugging only. Use New Page for production.</msg>
<msg timestamp="20210214 11:48:50.003" level="WARN">Open Browser is for quick experimentation and debugging only. Use New Page for production.</msg>
</errors>
</robot>
